Build started 16/2/2015 1:33:51 PM.
     1>Project "C:\Users\keith\Documents\Studio-Project-2\MyGraphics\MyGraphics.vcxproj" on node 2 (build target(s)).
     1>InitializeBuildStatus:
         Creating "Debug\MyGraphics.unsuccessfulbuild" because "AlwaysCreate" was specified.
       ClCompile:
         C:\Program Files (x86)\Microsoft Visual Studio 10.0\VC\bin\CL.exe /c /I"C:\Users\keith\Documents\Studio-Project-2\\glew\include" /I"C:\Users\keith\Documents\Studio-Project-2\\glfw\include" /I"C:\Users\keith\Documents\Studio-Project-2\\Common\Source" /ZI /nologo /W3 /WX- /Od /Oy- /D WIN32 /D _DEBUG /D _CONSOLE /D _UNICODE /D UNICODE /Gm /EHsc /RTC1 /MDd /GS /fp:precise /Zc:wchar_t /Zc:forScope /Fo"Debug\\" /Fd"Debug\vc100.pdb" /Gd /TP /analyze- /errorReport:prompt Source\StudioProject2.cpp
         StudioProject2.cpp
     1>c:\program files (x86)\microsoft sdks\windows\v7.0a\include\windef.h(126): warning C4005: 'APIENTRY' : macro redefinition
                 c:\users\keith\documents\studio-project-2\glfw\include\glfw\glfw3.h(92) : see previous definition of 'APIENTRY'
     1>c:\users\keith\documents\studio-project-2\mygraphics\source\studioproject2.cpp(229): warning C4244: '+=' : conversion from 'double' to 'float', possible loss of data
     1>c:\users\keith\documents\studio-project-2\mygraphics\source\studioproject2.cpp(233): warning C4244: '-=' : conversion from 'double' to 'float', possible loss of data
       ManifestResourceCompile:
         All outputs are up-to-date.
       Link:
         C:\Program Files (x86)\Microsoft Visual Studio 10.0\VC\bin\link.exe /ERRORREPORT:PROMPT /OUT:"C:\Users\keith\Documents\Studio-Project-2\Debug\MyGraphics.exe" /INCREMENTAL /NOLOGO /LIBPATH:"C:\Users\keith\Documents\Studio-Project-2\\glew\lib" /LIBPATH:"C:\Users\keith\Documents\Studio-Project-2\\glfw\lib-msvc100" /LIBPATH:"C:\Users\keith\Documents\Studio-Project-2\Debug" glew32.lib glfw3.lib opengl32.lib winmm.lib Common.lib kernel32.lib user32.lib gdi32.lib winspool.lib comdlg32.lib advapi32.lib shell32.lib ole32.lib oleaut32.lib uuid.lib odbc32.lib odbccp32.lib kernel32.lib user32.lib gdi32.lib winspool.lib comdlg32.lib advapi32.lib shell32.lib ole32.lib oleaut32.lib uuid.lib odbc32.lib odbccp32.lib /MANIFEST /ManifestFile:"Debug\MyGraphics.exe.intermediate.manifest" /MANIFESTUAC:"level='asInvoker' uiAccess='false'" /DEBUG /PDB:"C:\Users\keith\Documents\Studio-Project-2\Debug\MyGraphics.pdb" /SUBSYSTEM:CONSOLE /TLBID:1 /DYNAMICBASE /NXCOMPAT /IMPLIB:"C:\Users\keith\Documents\Studio-Project-2\Debug\MyGraphics.lib" /MACHINE:X86 Debug\MyGraphics.exe.embed.manifest.res
         Debug\Application.obj
         Debug\Camera.obj
         Debug\Camera2.obj
         Debug\LoadOBJ.obj
         Debug\LoadTGA.obj
         Debug\main.obj
         Debug\Mesh.obj
         Debug\MeshBuilder.obj
         Debug\StudioProject2.obj
         Debug\shader.obj
         Debug\Utility.obj
       Manifest:
         C:\Program Files (x86)\Microsoft SDKs\Windows\v7.0A\bin\mt.exe /nologo /verbose /out:"Debug\MyGraphics.exe.embed.manifest" /manifest Debug\MyGraphics.exe.intermediate.manifest
         All outputs are up-to-date.
       LinkEmbedManifest:
         All outputs are up-to-date.
         MyGraphics.vcxproj -> C:\Users\keith\Documents\Studio-Project-2\Debug\MyGraphics.exe
       FinalizeBuildStatus:
         Deleting file "Debug\MyGraphics.unsuccessfulbuild".
         Touching "Debug\MyGraphics.lastbuildstate".
     1>Done Building Project "C:\Users\keith\Documents\Studio-Project-2\MyGraphics\MyGraphics.vcxproj" (build target(s)).

Build succeeded.

Time Elapsed 00:00:01.95
