C:\USERS\JOSHUA\DOCUMENTS\VISUAL STUDIO 2010\PROJECTS\MYGRAPHICS\DEBUG\MYGRAPHICS.EXE
C:\USERS\JOSHUA\DOCUMENTS\VISUAL STUDIO 2010\PROJECTS\MYGRAPHICS\DEBUG\MYGRAPHICS.ILK
C:\USERS\JOSHUA\DOCUMENTS\VISUAL STUDIO 2010\PROJECTS\MYGRAPHICS\DEBUG\MYGRAPHICS.PDB
C:\USERS\JOSHUA\DOCUMENTS\VISUAL STUDIO 2010\PROJECTS\MYGRAPHICS\MYGRAPHICS\DEBUG\APPLICATION.OBJ
c:\Users\joshua\documents\visual studio 2010\Projects\MyGraphics\MyGraphics\Debug\cl.command.1.tlog
c:\Users\joshua\documents\visual studio 2010\Projects\MyGraphics\MyGraphics\Debug\CL.read.1.tlog
c:\Users\joshua\documents\visual studio 2010\Projects\MyGraphics\MyGraphics\Debug\CL.write.1.tlog
c:\Users\joshua\documents\visual studio 2010\Projects\MyGraphics\MyGraphics\Debug\link.5924.read.1.tlog
c:\Users\joshua\documents\visual studio 2010\Projects\MyGraphics\MyGraphics\Debug\link.5924.write.1.tlog
c:\Users\joshua\documents\visual studio 2010\Projects\MyGraphics\MyGraphics\Debug\link.5924-cvtres.read.1.tlog
c:\Users\joshua\documents\visual studio 2010\Projects\MyGraphics\MyGraphics\Debug\link.5924-cvtres.write.1.tlog
c:\Users\joshua\documents\visual studio 2010\Projects\MyGraphics\MyGraphics\Debug\link.command.1.tlog
c:\Users\joshua\documents\visual studio 2010\Projects\MyGraphics\MyGraphics\Debug\link.read.1.tlog
c:\Users\joshua\documents\visual studio 2010\Projects\MyGraphics\MyGraphics\Debug\link.write.1.tlog
c:\Users\joshua\documents\visual studio 2010\Projects\MyGraphics\MyGraphics\Debug\link-cvtres.read.1.tlog
c:\Users\joshua\documents\visual studio 2010\Projects\MyGraphics\MyGraphics\Debug\link-cvtres.write.1.tlog
C:\USERS\JOSHUA\DOCUMENTS\VISUAL STUDIO 2010\PROJECTS\MYGRAPHICS\MYGRAPHICS\DEBUG\MAIN.OBJ
c:\Users\joshua\documents\visual studio 2010\Projects\MyGraphics\MyGraphics\Debug\mt.command.1.tlog
c:\Users\joshua\documents\visual studio 2010\Projects\MyGraphics\MyGraphics\Debug\mt.read.1.tlog
c:\Users\joshua\documents\visual studio 2010\Projects\MyGraphics\MyGraphics\Debug\mt.write.1.tlog
C:\USERS\JOSHUA\DOCUMENTS\VISUAL STUDIO 2010\PROJECTS\MYGRAPHICS\MYGRAPHICS\DEBUG\MYGRAPHICS.EXE.EMBED.MANIFEST
C:\USERS\JOSHUA\DOCUMENTS\VISUAL STUDIO 2010\PROJECTS\MYGRAPHICS\MYGRAPHICS\DEBUG\MYGRAPHICS.EXE.EMBED.MANIFEST.RES
C:\USERS\JOSHUA\DOCUMENTS\VISUAL STUDIO 2010\PROJECTS\MYGRAPHICS\MYGRAPHICS\DEBUG\MYGRAPHICS.EXE.INTERMEDIATE.MANIFEST
c:\Users\joshua\documents\visual studio 2010\Projects\MyGraphics\MyGraphics\Debug\MyGraphics.vcxprojResolveAssemblyReference.cache
c:\Users\joshua\documents\visual studio 2010\Projects\MyGraphics\MyGraphics\Debug\MyGraphics.write.1.tlog
c:\Users\joshua\documents\visual studio 2010\Projects\MyGraphics\MyGraphics\Debug\MyGraphics_manifest.rc
c:\Users\joshua\documents\visual studio 2010\Projects\MyGraphics\MyGraphics\Debug\rc.command.1.tlog
c:\Users\joshua\documents\visual studio 2010\Projects\MyGraphics\MyGraphics\Debug\rc.read.1.tlog
c:\Users\joshua\documents\visual studio 2010\Projects\MyGraphics\MyGraphics\Debug\rc.write.1.tlog
C:\USERS\JOSHUA\DOCUMENTS\VISUAL STUDIO 2010\PROJECTS\MYGRAPHICS\MYGRAPHICS\DEBUG\SCENE1.OBJ
C:\USERS\JOSHUA\DOCUMENTS\VISUAL STUDIO 2010\PROJECTS\MYGRAPHICS\MYGRAPHICS\DEBUG\SHADER.OBJ
c:\Users\joshua\documents\visual studio 2010\Projects\MyGraphics\MyGraphics\Debug\vc100.idb
C:\USERS\JOSHUA\DOCUMENTS\VISUAL STUDIO 2010\PROJECTS\MYGRAPHICS\MYGRAPHICS\DEBUG\VC100.PDB
