C:\USERS\JOSHUA\DESKTOP\3D COMPUTER GRAPHICS\MYGRAPHICS\RELEASE\APPLICATION.OBJ
C:\USERS\JOSHUA\DESKTOP\3D COMPUTER GRAPHICS\MYGRAPHICS\RELEASE\CAMERA.OBJ
C:\USERS\JOSHUA\DESKTOP\3D COMPUTER GRAPHICS\MYGRAPHICS\RELEASE\CAMERA2.OBJ
C:\Users\joshua\Desktop\3D COMPUTER GRAPHICS\MyGraphics\Release\cl.command.1.tlog
C:\Users\joshua\Desktop\3D COMPUTER GRAPHICS\MyGraphics\Release\CL.read.1.tlog
C:\Users\joshua\Desktop\3D COMPUTER GRAPHICS\MyGraphics\Release\CL.write.1.tlog
C:\Users\joshua\Desktop\3D COMPUTER GRAPHICS\MyGraphics\Release\link.command.1.tlog
C:\Users\joshua\Desktop\3D COMPUTER GRAPHICS\MyGraphics\Release\link.read.1.tlog
C:\Users\joshua\Desktop\3D COMPUTER GRAPHICS\MyGraphics\Release\link.write.1.tlog
C:\USERS\JOSHUA\DESKTOP\3D COMPUTER GRAPHICS\MYGRAPHICS\RELEASE\LOADOBJ.OBJ
C:\USERS\JOSHUA\DESKTOP\3D COMPUTER GRAPHICS\MYGRAPHICS\RELEASE\LOADTGA.OBJ
C:\USERS\JOSHUA\DESKTOP\3D COMPUTER GRAPHICS\MYGRAPHICS\RELEASE\MAIN.OBJ
C:\USERS\JOSHUA\DESKTOP\3D COMPUTER GRAPHICS\MYGRAPHICS\RELEASE\MESH.OBJ
C:\USERS\JOSHUA\DESKTOP\3D COMPUTER GRAPHICS\MYGRAPHICS\RELEASE\MESHBUILDER.OBJ
C:\Users\joshua\Desktop\3D COMPUTER GRAPHICS\MyGraphics\Release\mt.command.1.tlog
C:\Users\joshua\Desktop\3D COMPUTER GRAPHICS\MyGraphics\Release\mt.read.1.tlog
C:\Users\joshua\Desktop\3D COMPUTER GRAPHICS\MyGraphics\Release\mt.write.1.tlog
C:\USERS\JOSHUA\DESKTOP\3D COMPUTER GRAPHICS\MYGRAPHICS\RELEASE\MYGRAPHICS.EXE.INTERMEDIATE.MANIFEST
C:\Users\joshua\Desktop\3D COMPUTER GRAPHICS\MyGraphics\Release\MyGraphics.vcxprojResolveAssemblyReference.cache
C:\Users\joshua\Desktop\3D COMPUTER GRAPHICS\MyGraphics\Release\MyGraphics.write.1.tlog
C:\USERS\JOSHUA\DESKTOP\3D COMPUTER GRAPHICS\MYGRAPHICS\RELEASE\SCENE5.OBJ
C:\USERS\JOSHUA\DESKTOP\3D COMPUTER GRAPHICS\MYGRAPHICS\RELEASE\SCENELIGHT.OBJ
C:\USERS\JOSHUA\DESKTOP\3D COMPUTER GRAPHICS\MYGRAPHICS\RELEASE\SHADER.OBJ
C:\USERS\JOSHUA\DESKTOP\3D COMPUTER GRAPHICS\MYGRAPHICS\RELEASE\UTILITY.OBJ
C:\USERS\JOSHUA\DESKTOP\3D COMPUTER GRAPHICS\MYGRAPHICS\RELEASE\VC100.PDB
C:\USERS\JOSHUA\DESKTOP\3D COMPUTER GRAPHICS\RELEASE\MYGRAPHICS.EXE
C:\USERS\JOSHUA\DESKTOP\3D COMPUTER GRAPHICS\RELEASE\MYGRAPHICS.PDB
